{"content": {"suites": {"0": {"status": {"total_pass": 3, "total_skip": 0, "total_xpass": 0, "total_xfail": 0, "total_rerun": 0, "total_fail": 2, "total_error": 0}, "tests": {"0": {"status": "PASS", "message": "", "test_name": "test_search_show[chrome]", "rerun": "0"}, "1": {"status": "PASS", "message": "", "test_name": "test_remove_show[chrome]", "rerun": "0"}, "2": {"status": "PASS", "message": "", "test_name": "test_add_to_watchlist[chrome]", "rerun": "0"}, "3": {"status": "FAIL", "message": "       AssertionError: assert ['Avatar: The...ista Del Mar'] == ['Avatar: The...'The Martian']\n         At index 3 diff: 'Barb and Star Go to Vista Del Mar' != 'The Martian'\n         Use -v to get the full diff\n", "test_name": "test_all_sorts[chrome]", "rerun": "0"}, "4": {"status": "FAIL", "message": "   selenium.common.exceptions.NoSuchElementException: Message: no such element: Unable to locate element: {\"method\":\"xpath\",\"selector\":\"//div[contains(text(), 'Sign In')]\"}\n     (Session info: chrome=88.0.4324.190)\n", "test_name": "test_refine_results[chrome]", "rerun": "0"}}, "suite_name": "Tests/test_UserHomePage.py"}}}, "date": "March 03, 2021", "start_time": 1614813224, "total_suite": 1, "status": "FAIL", "status_list": {"pass": "3", "fail": "2", "skip": "0", "error": "0", "xpass": "0", "xfail": "0", "rerun": "0"}, "total_tests": "5"}